<?xml version="1.0" encoding="UTF-8" ?>
<testsuite errors="1" failures="0" hostname="p623281" name="org.mobicents.servlet.sip.EmbeddedTomcatLoaderTest" tests="1" time="0.25" timestamp="2007-11-13T03:11:20">
  <properties>
[...]
</properties>
  <testcase classname="org.mobicents.servlet.sip.EmbeddedTomcatLoaderTest" name="testSimpleSipServlet" time="0.203">
    <error message="org/mobicents/servlet/sip/startup/SipHostConfig" type="java.lang.NoClassDefFoundError">java.lang.NoClassDefFoundError: org/mobicents/servlet/sip/startup/SipHostConfig
	at org.mobicents.servlet.sip.SipEmbedded.startTomcat(SipEmbedded.java:129)
	at org.mobicents.servlet.sip.SipServletTestCase.setUp(SipServletTestCase.java:28)
</error>
  </testcase>
  <system-out><![CDATA[0 [main] DEBUG org.mobicents.servlet.sip.SipEmbedded  - Setting naming prefix=org.apache.naming
0 [main] DEBUG org.mobicents.servlet.sip.SipEmbedded  - Expanded ${catalina.home}/common/classes to true
0 [main] DEBUG org.mobicents.servlet.sip.SipEmbedded  - Expanded ${catalina.home}/common/i18n/*.jar to true
0 [main] DEBUG org.mobicents.servlet.sip.SipEmbedded  - Expanded ${catalina.home}/common/endorsed/*.jar to true
0 [main] DEBUG org.mobicents.servlet.sip.SipEmbedded  - Expanded ${catalina.home}/common/lib/*.jar to true
0 [main] DEBUG org.mobicents.servlet.sip.SipEmbedded  - Creating new class loader
0 [main] DEBUG org.mobicents.servlet.sip.SipEmbedded  -   Including directory file:/C:/usr/local/apache-tomcat-5.5.23/common/classes/
0 [main] DEBUG org.mobicents.servlet.sip.SipEmbedded  -   Including directory glob c:\usr\local\apache-tomcat-5.5.23\common\i18n
0 [main] DEBUG org.mobicents.servlet.sip.SipEmbedded  -     Including glob jar file C:\usr\local\apache-tomcat-5.5.23\common\i18n\tomcat-i18n-en.jar
0 [main] DEBUG org.mobicents.servlet.sip.SipEmbedded  -     Including glob jar file C:\usr\local\apache-tomcat-5.5.23\common\i18n\tomcat-i18n-es.jar
0 [main] DEBUG org.mobicents.servlet.sip.SipEmbedded  -     Including glob jar file C:\usr\local\apache-tomcat-5.5.23\common\i18n\tomcat-i18n-fr.jar
0 [main] DEBUG org.mobicents.servlet.sip.SipEmbedded  -     Including glob jar file C:\usr\local\apache-tomcat-5.5.23\common\i18n\tomcat-i18n-ja.jar
0 [main] DEBUG org.mobicents.servlet.sip.SipEmbedded  -   Including directory glob c:\usr\local\apache-tomcat-5.5.23\common\endorsed
0 [main] DEBUG org.mobicents.servlet.sip.SipEmbedded  -   Including directory glob c:\usr\local\apache-tomcat-5.5.23\common\lib
0 [main] DEBUG org.mobicents.servlet.sip.SipEmbedded  -     Including glob jar file C:\usr\local\apache-tomcat-5.5.23\common\lib\commons-el.jar
0 [main] DEBUG org.mobicents.servlet.sip.SipEmbedded  -     Including glob jar file C:\usr\local\apache-tomcat-5.5.23\common\lib\concurrent-1.3.4.jar
0 [main] DEBUG org.mobicents.servlet.sip.SipEmbedded  -     Including glob jar file C:\usr\local\apache-tomcat-5.5.23\common\lib\jain-sip-api-1.2.jar
0 [main] DEBUG org.mobicents.servlet.sip.SipEmbedded  -     Including glob jar file C:\usr\local\apache-tomcat-5.5.23\common\lib\jain-sip-ri-1.2.jar
0 [main] DEBUG org.mobicents.servlet.sip.SipEmbedded  -     Including glob jar file C:\usr\local\apache-tomcat-5.5.23\common\lib\jasper-compiler-jdt.jar
0 [main] DEBUG org.mobicents.servlet.sip.SipEmbedded  -     Including glob jar file C:\usr\local\apache-tomcat-5.5.23\common\lib\jasper-compiler.jar
0 [main] DEBUG org.mobicents.servlet.sip.SipEmbedded  -     Including glob jar file C:\usr\local\apache-tomcat-5.5.23\common\lib\jasper-runtime.jar
0 [main] DEBUG org.mobicents.servlet.sip.SipEmbedded  -     Including glob jar file C:\usr\local\apache-tomcat-5.5.23\common\lib\jsp-api.jar
0 [main] DEBUG org.mobicents.servlet.sip.SipEmbedded  -     Including glob jar file C:\usr\local\apache-tomcat-5.5.23\common\lib\log4j-1.2.14.jar
0 [main] DEBUG org.mobicents.servlet.sip.SipEmbedded  -     Including glob jar file C:\usr\local\apache-tomcat-5.5.23\common\lib\naming-factory-dbcp.jar
0 [main] DEBUG org.mobicents.servlet.sip.SipEmbedded  -     Including glob jar file C:\usr\local\apache-tomcat-5.5.23\common\lib\naming-factory.jar
0 [main] DEBUG org.mobicents.servlet.sip.SipEmbedded  -     Including glob jar file C:\usr\local\apache-tomcat-5.5.23\common\lib\naming-resources.jar
0 [main] DEBUG org.mobicents.servlet.sip.SipEmbedded  -     Including glob jar file C:\usr\local\apache-tomcat-5.5.23\common\lib\servlet-api.jar
0 [main] DEBUG org.mobicents.servlet.sip.SipEmbedded  -     Including glob jar file C:\usr\local\apache-tomcat-5.5.23\common\lib\sip-servlets-spec-1.1-SNAPSHOT.jar
0 [main] DEBUG org.mobicents.servlet.sip.SipEmbedded  -   location 0 is file:/C:/usr/local/apache-tomcat-5.5.23/common/classes/
0 [main] DEBUG org.mobicents.servlet.sip.SipEmbedded  -   location 1 is file:/C:/usr/local/apache-tomcat-5.5.23/common/i18n/tomcat-i18n-en.jar
0 [main] DEBUG org.mobicents.servlet.sip.SipEmbedded  -   location 2 is file:/C:/usr/local/apache-tomcat-5.5.23/common/i18n/tomcat-i18n-es.jar
0 [main] DEBUG org.mobicents.servlet.sip.SipEmbedded  -   location 3 is file:/C:/usr/local/apache-tomcat-5.5.23/common/i18n/tomcat-i18n-fr.jar
0 [main] DEBUG org.mobicents.servlet.sip.SipEmbedded  -   location 4 is file:/C:/usr/local/apache-tomcat-5.5.23/common/i18n/tomcat-i18n-ja.jar
0 [main] DEBUG org.mobicents.servlet.sip.SipEmbedded  -   location 5 is file:/C:/usr/local/apache-tomcat-5.5.23/common/lib/commons-el.jar
0 [main] DEBUG org.mobicents.servlet.sip.SipEmbedded  -   location 6 is file:/C:/usr/local/apache-tomcat-5.5.23/common/lib/concurrent-1.3.4.jar
0 [main] DEBUG org.mobicents.servlet.sip.SipEmbedded  -   location 7 is file:/C:/usr/local/apache-tomcat-5.5.23/common/lib/jain-sip-api-1.2.jar
0 [main] DEBUG org.mobicents.servlet.sip.SipEmbedded  -   location 8 is file:/C:/usr/local/apache-tomcat-5.5.23/common/lib/jain-sip-ri-1.2.jar
0 [main] DEBUG org.mobicents.servlet.sip.SipEmbedded  -   location 9 is file:/C:/usr/local/apache-tomcat-5.5.23/common/lib/jasper-compiler-jdt.jar
0 [main] DEBUG org.mobicents.servlet.sip.SipEmbedded  -   location 10 is file:/C:/usr/local/apache-tomcat-5.5.23/common/lib/jasper-compiler.jar
0 [main] DEBUG org.mobicents.servlet.sip.SipEmbedded  -   location 11 is file:/C:/usr/local/apache-tomcat-5.5.23/common/lib/jasper-runtime.jar
0 [main] DEBUG org.mobicents.servlet.sip.SipEmbedded  -   location 12 is file:/C:/usr/local/apache-tomcat-5.5.23/common/lib/jsp-api.jar
0 [main] DEBUG org.mobicents.servlet.sip.SipEmbedded  -   location 13 is file:/C:/usr/local/apache-tomcat-5.5.23/common/lib/log4j-1.2.14.jar
0 [main] DEBUG org.mobicents.servlet.sip.SipEmbedded  -   location 14 is file:/C:/usr/local/apache-tomcat-5.5.23/common/lib/naming-factory-dbcp.jar
0 [main] DEBUG org.mobicents.servlet.sip.SipEmbedded  -   location 15 is file:/C:/usr/local/apache-tomcat-5.5.23/common/lib/naming-factory.jar
0 [main] DEBUG org.mobicents.servlet.sip.SipEmbedded  -   location 16 is file:/C:/usr/local/apache-tomcat-5.5.23/common/lib/naming-resources.jar
0 [main] DEBUG org.mobicents.servlet.sip.SipEmbedded  -   location 17 is file:/C:/usr/local/apache-tomcat-5.5.23/common/lib/servlet-api.jar
0 [main] DEBUG org.mobicents.servlet.sip.SipEmbedded  -   location 18 is file:/C:/usr/local/apache-tomcat-5.5.23/common/lib/sip-servlets-spec-1.1-SNAPSHOT.jar
31 [main] DEBUG org.mobicents.servlet.sip.SipEmbedded  - Expanded ${catalina.home}/server/classes to true
31 [main] DEBUG org.mobicents.servlet.sip.SipEmbedded  - Expanded ${catalina.home}/server/lib/*.jar to true
31 [main] DEBUG org.mobicents.servlet.sip.SipEmbedded  - Creating new class loader
31 [main] DEBUG org.mobicents.servlet.sip.SipEmbedded  -   Including directory file:/C:/usr/local/apache-tomcat-5.5.23/server/classes/
31 [main] DEBUG org.mobicents.servlet.sip.SipEmbedded  -   Including directory glob c:\usr\local\apache-tomcat-5.5.23\server\lib
31 [main] DEBUG org.mobicents.servlet.sip.SipEmbedded  -     Including glob jar file C:\usr\local\apache-tomcat-5.5.23\server\lib\catalina-ant-jmx.jar
31 [main] DEBUG org.mobicents.servlet.sip.SipEmbedded  -     Including glob jar file C:\usr\local\apache-tomcat-5.5.23\server\lib\catalina-ant.jar
31 [main] DEBUG org.mobicents.servlet.sip.SipEmbedded  -     Including glob jar file C:\usr\local\apache-tomcat-5.5.23\server\lib\catalina-cluster.jar
31 [main] DEBUG org.mobicents.servlet.sip.SipEmbedded  -     Including glob jar file C:\usr\local\apache-tomcat-5.5.23\server\lib\catalina-optional.jar
31 [main] DEBUG org.mobicents.servlet.sip.SipEmbedded  -     Including glob jar file C:\usr\local\apache-tomcat-5.5.23\server\lib\catalina-storeconfig.jar
31 [main] DEBUG org.mobicents.servlet.sip.SipEmbedded  -     Including glob jar file C:\usr\local\apache-tomcat-5.5.23\server\lib\catalina.jar
31 [main] DEBUG org.mobicents.servlet.sip.SipEmbedded  -     Including glob jar file C:\usr\local\apache-tomcat-5.5.23\server\lib\commons-modeler-2.0.jar
31 [main] DEBUG org.mobicents.servlet.sip.SipEmbedded  -     Including glob jar file C:\usr\local\apache-tomcat-5.5.23\server\lib\servlets-default.jar
31 [main] DEBUG org.mobicents.servlet.sip.SipEmbedded  -     Including glob jar file C:\usr\local\apache-tomcat-5.5.23\server\lib\servlets-invoker.jar
31 [main] DEBUG org.mobicents.servlet.sip.SipEmbedded  -     Including glob jar file C:\usr\local\apache-tomcat-5.5.23\server\lib\servlets-webdav.jar
31 [main] DEBUG org.mobicents.servlet.sip.SipEmbedded  -     Including glob jar file C:\usr\local\apache-tomcat-5.5.23\server\lib\sip-servlets-impl-1.0-SNAPSHOT.jar
31 [main] DEBUG org.mobicents.servlet.sip.SipEmbedded  -     Including glob jar file C:\usr\local\apache-tomcat-5.5.23\server\lib\tomcat-ajp.jar
31 [main] DEBUG org.mobicents.servlet.sip.SipEmbedded  -     Including glob jar file C:\usr\local\apache-tomcat-5.5.23\server\lib\tomcat-apr.jar
31 [main] DEBUG org.mobicents.servlet.sip.SipEmbedded  -     Including glob jar file C:\usr\local\apache-tomcat-5.5.23\server\lib\tomcat-coyote.jar
31 [main] DEBUG org.mobicents.servlet.sip.SipEmbedded  -     Including glob jar file C:\usr\local\apache-tomcat-5.5.23\server\lib\tomcat-http.jar
31 [main] DEBUG org.mobicents.servlet.sip.SipEmbedded  -     Including glob jar file C:\usr\local\apache-tomcat-5.5.23\server\lib\tomcat-jkstatus-ant.jar
31 [main] DEBUG org.mobicents.servlet.sip.SipEmbedded  -     Including glob jar file C:\usr\local\apache-tomcat-5.5.23\server\lib\tomcat-util.jar
31 [main] DEBUG org.mobicents.servlet.sip.SipEmbedded  -   location 0 is file:/C:/usr/local/apache-tomcat-5.5.23/server/classes/
31 [main] DEBUG org.mobicents.servlet.sip.SipEmbedded  -   location 1 is file:/C:/usr/local/apache-tomcat-5.5.23/server/lib/catalina-ant-jmx.jar
31 [main] DEBUG org.mobicents.servlet.sip.SipEmbedded  -   location 2 is file:/C:/usr/local/apache-tomcat-5.5.23/server/lib/catalina-ant.jar
31 [main] DEBUG org.mobicents.servlet.sip.SipEmbedded  -   location 3 is file:/C:/usr/local/apache-tomcat-5.5.23/server/lib/catalina-cluster.jar
31 [main] DEBUG org.mobicents.servlet.sip.SipEmbedded  -   location 4 is file:/C:/usr/local/apache-tomcat-5.5.23/server/lib/catalina-optional.jar
31 [main] DEBUG org.mobicents.servlet.sip.SipEmbedded  -   location 5 is file:/C:/usr/local/apache-tomcat-5.5.23/server/lib/catalina-storeconfig.jar
31 [main] DEBUG org.mobicents.servlet.sip.SipEmbedded  -   location 6 is file:/C:/usr/local/apache-tomcat-5.5.23/server/lib/catalina.jar
31 [main] DEBUG org.mobicents.servlet.sip.SipEmbedded  -   location 7 is file:/C:/usr/local/apache-tomcat-5.5.23/server/lib/commons-modeler-2.0.jar
31 [main] DEBUG org.mobicents.servlet.sip.SipEmbedded  -   location 8 is file:/C:/usr/local/apache-tomcat-5.5.23/server/lib/servlets-default.jar
31 [main] DEBUG org.mobicents.servlet.sip.SipEmbedded  -   location 9 is file:/C:/usr/local/apache-tomcat-5.5.23/server/lib/servlets-invoker.jar
31 [main] DEBUG org.mobicents.servlet.sip.SipEmbedded  -   location 10 is file:/C:/usr/local/apache-tomcat-5.5.23/server/lib/servlets-webdav.jar
31 [main] DEBUG org.mobicents.servlet.sip.SipEmbedded  -   location 11 is file:/C:/usr/local/apache-tomcat-5.5.23/server/lib/sip-servlets-impl-1.0-SNAPSHOT.jar
31 [main] DEBUG org.mobicents.servlet.sip.SipEmbedded  -   location 12 is file:/C:/usr/local/apache-tomcat-5.5.23/server/lib/tomcat-ajp.jar
31 [main] DEBUG org.mobicents.servlet.sip.SipEmbedded  -   location 13 is file:/C:/usr/local/apache-tomcat-5.5.23/server/lib/tomcat-apr.jar
31 [main] DEBUG org.mobicents.servlet.sip.SipEmbedded  -   location 14 is file:/C:/usr/local/apache-tomcat-5.5.23/server/lib/tomcat-coyote.jar
31 [main] DEBUG org.mobicents.servlet.sip.SipEmbedded  -   location 15 is file:/C:/usr/local/apache-tomcat-5.5.23/server/lib/tomcat-http.jar
31 [main] DEBUG org.mobicents.servlet.sip.SipEmbedded  -   location 16 is file:/C:/usr/local/apache-tomcat-5.5.23/server/lib/tomcat-jkstatus-ant.jar
31 [main] DEBUG org.mobicents.servlet.sip.SipEmbedded  -   location 17 is file:/C:/usr/local/apache-tomcat-5.5.23/server/lib/tomcat-util.jar
31 [main] DEBUG org.mobicents.servlet.sip.SipEmbedded  - Expanded ${catalina.base}/shared/classes to true
31 [main] DEBUG org.mobicents.servlet.sip.SipEmbedded  - Expanded ${catalina.base}/shared/lib/*.jar to true
31 [main] DEBUG org.mobicents.servlet.sip.SipEmbedded  - Creating new class loader
31 [main] DEBUG org.mobicents.servlet.sip.SipEmbedded  -   Including directory file:/C:/usr/local/apache-tomcat-5.5.23/shared/classes/
31 [main] DEBUG org.mobicents.servlet.sip.SipEmbedded  -   Including directory glob c:\usr\local\apache-tomcat-5.5.23\shared\lib
31 [main] DEBUG org.mobicents.servlet.sip.SipEmbedded  -   location 0 is file:/C:/usr/local/apache-tomcat-5.5.23/shared/classes/
]]></system-out>
  <system-err><![CDATA[]]></system-err>
</testsuite>
